sdk/mesdk3.10/SDKDemo/build/intermediates/manifest_merge_blame_file/debug/manifest-merger-blame-debug-report.txt
1<?xml version="1.0" encoding="utf-8"?>
2<manifest xmlns:android="http://schemas.android.com/apk/res/android"
3    package="com.newland.sdkdemo"
4    android:versionCode="1"
5    android:versionName="1.0" >
6
7    <uses-sdk
8        android:minSdkVersion="21"
8-->src\main\AndroidManifest.xml
9        android:targetSdkVersion="22" />
9-->src\main\AndroidManifest.xml
10
11    <uses-permission android:name="android.permission.ACCESS_WIFI_STATE" />
11-->src\main\AndroidManifest.xml:5:5-76
11-->src\main\AndroidManifest.xml:5:22-73
12    <uses-permission android:name="android.permission.CHANGE_WIFI_STATE" />
12-->src\main\AndroidManifest.xml:6:5-76
12-->src\main\AndroidManifest.xml:6:22-73
13    <uses-permission android:name="android.permission.READ_PHONE_STATE" />
13-->src\main\AndroidManifest.xml:7:5-75
13-->src\main\AndroidManifest.xml:7:22-72
14    <uses-permission android:name="android.permission.ACCESS_NETWORK_STATE" />
14-->src\main\AndroidManifest.xml:8:5-79
14-->src\main\AndroidManifest.xml:8:22-76
15    <uses-permission android:name="android.permission.INTERNET" />
15-->src\main\AndroidManifest.xml:9:5-66
15-->src\main\AndroidManifest.xml:9:22-64
16    <uses-permission android:name="android.permission.INTERNET" />
16-->src\main\AndroidManifest.xml:9:5-66
16-->src\main\AndroidManifest.xml:9:22-64
17    <uses-permission android:name="android.permission.READ_PHONE_STATE" />
17-->src\main\AndroidManifest.xml:7:5-75
17-->src\main\AndroidManifest.xml:7:22-72
18    <uses-permission android:name="android.permission.PACKAGE_USAGE_STATS" />
18-->src\main\AndroidManifest.xml:12:5-113
18-->src\main\AndroidManifest.xml:12:22-75
19    <uses-permission android:name="android.permission.BLUETOOTH" />
19-->[BluetoothControl_1.0.38.aar] AndroidManifest.xml:11:5-68
19-->[BluetoothControl_1.0.38.aar] AndroidManifest.xml:11:22-65
20    <uses-permission android:name="android.permission.BLUETOOTH_ADMIN" />
20-->[BluetoothControl_1.0.38.aar] AndroidManifest.xml:12:5-74
20-->[BluetoothControl_1.0.38.aar] AndroidManifest.xml:12:22-71
21    <uses-permission android:name="android.permission.ACCESS_COARSE_LOCATION" />
21-->[BluetoothControl_1.0.38.aar] AndroidManifest.xml:13:5-81
21-->[BluetoothControl_1.0.38.aar] AndroidManifest.xml:13:22-78
22    <uses-permission android:name="android.permission.ACCESS_FINE_LOCATION" /> <!-- <application android:label="@string/app_name" > -->
22-->[BluetoothControl_1.0.38.aar] AndroidManifest.xml:14:5-79
22-->[BluetoothControl_1.0.38.aar] AndroidManifest.xml:14:22-76
23    <!-- </application> -->
24    <uses-permission android:name="android.permission.MANAGE_NEWLAND" />
24-->[MESDK-3.10.79-RELEASE.aar] AndroidManifest.xml:13:5-73
24-->[MESDK-3.10.79-RELEASE.aar] AndroidManifest.xml:13:22-70
25    <uses-permission android:name="android.permission.MANAGE_ANALOG_SERIAL" />
25-->[MESDK-3.10.79-RELEASE.aar] AndroidManifest.xml:14:5-79
25-->[MESDK-3.10.79-RELEASE.aar] AndroidManifest.xml:14:22-76
26    <uses-permission android:name="android.permission.MANAGE_NEWLANDUART3" />
26-->[MESDK-3.10.79-RELEASE.aar] AndroidManifest.xml:15:5-78
26-->[MESDK-3.10.79-RELEASE.aar] AndroidManifest.xml:15:22-75
27    <uses-permission android:name="android.permission.CAMERA" />
27-->[MESDK-3.10.79-RELEASE.aar] AndroidManifest.xml:16:5-65
27-->[MESDK-3.10.79-RELEASE.aar] AndroidManifest.xml:16:22-62
28
29    <uses-feature android:name="android.hardware.camera" />
29-->[MESDK-3.10.79-RELEASE.aar] AndroidManifest.xml:18:5-60
29-->[MESDK-3.10.79-RELEASE.aar] AndroidManifest.xml:18:19-57
30    <uses-feature android:name="android.hardware.camera.autofocus" />
30-->[MESDK-3.10.79-RELEASE.aar] AndroidManifest.xml:19:5-70
30-->[MESDK-3.10.79-RELEASE.aar] AndroidManifest.xml:19:19-67
31
32    <uses-permission android:name="android.permission.WRITE_EXTERNAL_STORAGE" />
32-->[MESDK-3.10.79-RELEASE.aar] AndroidManifest.xml:21:5-81
32-->[MESDK-3.10.79-RELEASE.aar] AndroidManifest.xml:21:22-78
33    <uses-permission android:name="android.permission.WRITE_SETTINGS" />
33-->[MESDK-3.10.79-RELEASE.aar] AndroidManifest.xml:22:5-24:47
33-->[MESDK-3.10.79-RELEASE.aar] AndroidManifest.xml:23:9-57
34    <uses-permission android:name="android.permission.SYSTEM_ALERT_WINDOW" />
34-->[MESDK-3.10.79-RELEASE.aar] AndroidManifest.xml:25:5-78
34-->[MESDK-3.10.79-RELEASE.aar] AndroidManifest.xml:25:22-75
35    <uses-permission android:name="android.permission.CHANGE_NETWORK_STATE" />
35-->[MESDK-3.10.79-RELEASE.aar] AndroidManifest.xml:26:5-79
35-->[MESDK-3.10.79-RELEASE.aar] AndroidManifest.xml:26:22-76
36    <uses-permission android:name="android.permission.WRITE_APN_SETTINGS" />
36-->[MESDK-3.10.79-RELEASE.aar] AndroidManifest.xml:29:5-77
36-->[MESDK-3.10.79-RELEASE.aar] AndroidManifest.xml:29:22-74
37    <uses-permission android:name="android.permission.MANAGE_NEWLAND_CASHBOX" />
37-->[MESDK-3.10.79-RELEASE.aar] AndroidManifest.xml:32:5-81
37-->[MESDK-3.10.79-RELEASE.aar] AndroidManifest.xml:32:22-78
38    <uses-permission android:name="android.permission.MANAGE_NEWLAN_CASHBOX" />
38-->[MESDK-3.10.79-RELEASE.aar] AndroidManifest.xml:33:5-80
38-->[MESDK-3.10.79-RELEASE.aar] AndroidManifest.xml:33:22-77
39    <uses-permission android:name="android.permission.ACCESS_COARSE_UPDATES" />
39-->[MESDK-RKL-1.1.0-alpha8.aar] AndroidManifest.xml:15:5-80
39-->[MESDK-RKL-1.1.0-alpha8.aar] AndroidManifest.xml:15:22-77
40    <uses-permission android:name="android.permission.READ_EXTERNAL_STORAGE" />
40-->[MESDK-RKL-1.1.0-alpha8.aar] AndroidManifest.xml:19:5-80
40-->[MESDK-RKL-1.1.0-alpha8.aar] AndroidManifest.xml:19:22-77
41    <uses-permission android:name="android.permission.QUERY_ALL_PACKAGES" />
41-->[Newland-Dock-1.1.3.aar] AndroidManifest.xml:9:5-77
41-->[Newland-Dock-1.1.3.aar] AndroidManifest.xml:9:22-74
42
43    <application
43-->src\main\AndroidManifest.xml:13:5-53:19
44        android:allowBackup="true"
44-->src\main\AndroidManifest.xml:14:9-35
45        android:appComponentFactory="android.support.v4.app.CoreComponentFactory"
45-->[com.android.support:support-compat:28.0.0] AndroidManifest.xml:22:18-91
46        android:debuggable="true"
47        android:icon="@mipmap/sdkdemo"
47-->src\main\AndroidManifest.xml:15:9-39
48        android:label="@string/app_name"
48-->src\main\AndroidManifest.xml:16:9-41
49        android:roundIcon="@mipmap/ic_launcher_round"
49-->src\main\AndroidManifest.xml:17:9-54
50        android:supportsRtl="true"
50-->src\main\AndroidManifest.xml:18:9-35
51        android:testOnly="true"
52        android:theme="@style/AppTheme" >
52-->src\main\AndroidManifest.xml:19:9-40
53        <activity
53-->src\main\AndroidManifest.xml:20:9-28:20
54            android:name="com.newland.sdkdemo.MainActivity"
54-->src\main\AndroidManifest.xml:21:13-41
55            android:label="@string/app_name" >
55-->src\main\AndroidManifest.xml:22:13-45
56            <intent-filter>
56-->src\main\AndroidManifest.xml:23:13-27:29
57                <action android:name="android.intent.action.MAIN" />
57-->src\main\AndroidManifest.xml:24:17-69
57-->src\main\AndroidManifest.xml:24:25-66
58
59                <category android:name="android.intent.category.LAUNCHER" />
59-->src\main\AndroidManifest.xml:26:17-77
59-->src\main\AndroidManifest.xml:26:27-74
60            </intent-filter>
61        </activity>
62        <activity
62-->src\main\AndroidManifest.xml:29:9-31:75
63            android:name="com.newland.sdkdemo.activity.RNIB.DRNIBKeyBoardActivity"
63-->src\main\AndroidManifest.xml:30:13-64
64            android:theme="@android:style/Theme.NoTitleBar.Fullscreen" />
64-->src\main\AndroidManifest.xml:31:13-71
65        <activity
65-->src\main\AndroidManifest.xml:32:9-34:75
66            android:name="com.newland.sdkdemo.activity.KeyBoardNumberActivity"
66-->src\main\AndroidManifest.xml:33:13-60
67            android:theme="@android:style/Theme.NoTitleBar.Fullscreen" />
67-->src\main\AndroidManifest.xml:34:13-71
68        <activity
68-->src\main\AndroidManifest.xml:35:9-37:74
69            android:name="com.newland.sdkdemo.activity.PlainKeyBoardNumberActivity"
69-->src\main\AndroidManifest.xml:36:13-65
70            android:theme="@android:style/Theme.NoTitleBar.Fullscreen" />
70-->src\main\AndroidManifest.xml:37:13-71
71        <activity
71-->src\main\AndroidManifest.xml:38:9-40:74
72            android:name="com.newland.sdkdemo.activity.KeyBoardNumberImageActivity"
72-->src\main\AndroidManifest.xml:39:13-65
73            android:theme="@android:style/Theme.NoTitleBar.Fullscreen" />
73-->src\main\AndroidManifest.xml:40:13-71
74        <activity
74-->src\main\AndroidManifest.xml:41:9-43:74
75            android:name="com.newland.sdkdemo.activity.OfflineKeyBoardNumberActivity"
75-->src\main\AndroidManifest.xml:42:13-67
76            android:theme="@android:style/Theme.NoTitleBar.Fullscreen" />
76-->src\main\AndroidManifest.xml:43:13-71
77        <activity
77-->src\main\AndroidManifest.xml:44:9-46:74
78            android:name="com.newland.sdkdemo.view.YUVDecodeActivity"
78-->src\main\AndroidManifest.xml:45:13-51
79            android:theme="@android:style/Theme.NoTitleBar.Fullscreen" />
79-->src\main\AndroidManifest.xml:46:13-71
80        <activity
80-->src\main\AndroidManifest.xml:47:9-49:74
81            android:name="com.newland.sdkdemo.view.ScanViewActivity"
81-->src\main\AndroidManifest.xml:48:13-50
82            android:theme="@android:style/Theme.NoTitleBar.Fullscreen" />
82-->src\main\AndroidManifest.xml:49:13-71
83        <activity
83-->src\main\AndroidManifest.xml:50:9-52:54
84            android:name="com.newland.sdkdemo.fragment.mdb2.MDBActivity"
84-->src\main\AndroidManifest.xml:51:13-54
85            android:theme="@style/SubActivityTheme" />
85-->src\main\AndroidManifest.xml:52:13-52
86        <!-- 不同的进程 -->
87        <service
87-->[BluetoothControl_1.0.38.aar] AndroidManifest.xml:19:9-30:19
88            android:name="com.newland.NlBluetooth.service.BluetoothService"
88-->[BluetoothControl_1.0.38.aar] AndroidManifest.xml:20:13-76
89            android:exported="true"
89-->[BluetoothControl_1.0.38.aar] AndroidManifest.xml:21:13-36
90            android:process=":remote" >
90-->[BluetoothControl_1.0.38.aar] AndroidManifest.xml:22:13-38
91            <intent-filter>
91-->[BluetoothControl_1.0.38.aar] AndroidManifest.xml:23:13-29:29
92
93                <!-- 此处Intent的action必须写成“服务器端包名.aidl文件名” -->
94                <action android:name="com.newland.NlBluetooth.aidl.BluetoothServiceAidl" />
94-->[BluetoothControl_1.0.38.aar] AndroidManifest.xml:26:17-92
94-->[BluetoothControl_1.0.38.aar] AndroidManifest.xml:26:25-89
95
96                <category android:name="android.intent.category.DEFAULT" />
96-->[BluetoothControl_1.0.38.aar] AndroidManifest.xml:28:17-76
96-->[BluetoothControl_1.0.38.aar] AndroidManifest.xml:28:27-73
97            </intent-filter>
98        </service>
99
100        <receiver
100-->[BluetoothControl_1.0.38.aar] AndroidManifest.xml:32:9-41:20
101            android:name="com.newland.NlBluetooth.service.MyBluetoothReceiver"
101-->[BluetoothControl_1.0.38.aar] AndroidManifest.xml:33:13-79
102            android:exported="true"
102-->[BluetoothControl_1.0.38.aar] AndroidManifest.xml:34:13-36
103            android:process=":remote" >
103-->[BluetoothControl_1.0.38.aar] AndroidManifest.xml:35:13-38
104            <intent-filter>
104-->[BluetoothControl_1.0.38.aar] AndroidManifest.xml:36:13-40:29
105                <action android:name="com.newland.landlinecom.action.CONNECT_SUCCESS" />
105-->[BluetoothControl_1.0.38.aar] AndroidManifest.xml:37:17-89
105-->[BluetoothControl_1.0.38.aar] AndroidManifest.xml:37:25-86
106                <action android:name="com.newland.landlinecom.action.CONNECT_FAILED" />
106-->[BluetoothControl_1.0.38.aar] AndroidManifest.xml:38:17-88
106-->[BluetoothControl_1.0.38.aar] AndroidManifest.xml:38:25-85
107                <action android:name="android.bluetooth.pan.profile.action.CONNECTION_STATE_CHANGED" />
107-->[BluetoothControl_1.0.38.aar] AndroidManifest.xml:39:17-104
107-->[BluetoothControl_1.0.38.aar] AndroidManifest.xml:39:25-101
108            </intent-filter>
109        </receiver>
110
111        <activity
111-->[MESDK-3.10.79-RELEASE.aar] AndroidManifest.xml:36:9-38:86
112            android:name="com.newland.sdk.pininput.KeyBoardActivity"
112-->[MESDK-3.10.79-RELEASE.aar] AndroidManifest.xml:37:13-69
113            android:theme="@android:style/Theme.Translucent.NoTitleBar.Fullscreen" />
113-->[MESDK-3.10.79-RELEASE.aar] AndroidManifest.xml:38:13-83
114        <activity
114-->[MESDK-3.10.79-RELEASE.aar] AndroidManifest.xml:39:9-41:86
115            android:name="com.newland.sdk.pininput.RNIBKeyBoardActivity"
115-->[MESDK-3.10.79-RELEASE.aar] AndroidManifest.xml:40:13-73
116            android:theme="@android:style/Theme.Translucent.NoTitleBar.Fullscreen" />
116-->[MESDK-3.10.79-RELEASE.aar] AndroidManifest.xml:41:13-83
117        <activity
117-->[MESDK-3.10.79-RELEASE.aar] AndroidManifest.xml:42:9-44:74
118            android:name="com.newland.sdk.scanner.ScanViewActivity"
118-->[MESDK-3.10.79-RELEASE.aar] AndroidManifest.xml:43:13-68
119            android:theme="@android:style/Theme.NoTitleBar.Fullscreen" />
119-->[MESDK-3.10.79-RELEASE.aar] AndroidManifest.xml:44:13-71
120        <activity android:name="com.newland.sdk.module.bluetooth.BluetoothActivity" />
120-->[MESDK-3.10.79-RELEASE.aar] AndroidManifest.xml:45:9-87
120-->[MESDK-3.10.79-RELEASE.aar] AndroidManifest.xml:45:19-84
121        <activity
121-->[MESDK-3.10.79-RELEASE.aar] AndroidManifest.xml:46:9-49:20
122            android:name="com.newland.sdk.ble.BluetoothBaseActivity"
122-->[MESDK-3.10.79-RELEASE.aar] AndroidManifest.xml:47:13-69
123            android:theme="@android:style/Theme.NoTitleBar.Fullscreen" >
123-->[MESDK-3.10.79-RELEASE.aar] AndroidManifest.xml:48:13-71
124        </activity>
125    </application>
126
127</manifest>